16 Feb 11:59:28 WARN   [geoserver.catalog] - Unable to flush 'http://www.geo-solutions.it:Drain_PLL
java.io.IOException: Schema 'Drain_PLL' does not exist.
	at org.geotools.data.store.ContentDataStore.ensureEntry(ContentDataStore.java:535)
	at org.geotools.data.store.ContentDataStore.getFeatureSource(ContentDataStore.java:331)
	at org.geotools.data.store.ContentDataStore.getFeatureSource(ContentDataStore.java:306)
	at org.geoserver.catalog.ResourcePool.flushState(ResourcePool.java:2715)
	at org.geoserver.catalog.ResourcePool.flushDataStore(ResourcePool.java:2691)
	at org.geoserver.catalog.ResourcePool.getFeatureType(ResourcePool.java:1024)
	at org.geoserver.catalog.ResourcePool.getFeatureType(ResourcePool.java:1011)
	at org.geoserver.catalog.impl.FeatureTypeInfoImpl.getFeatureType(FeatureTypeInfoImpl.java:134)
	at java.base/jdk.internal.reflect.NativeMethodAccessorImpl.invoke0(Native Method)
	at java.base/jdk.internal.reflect.NativeMethodAccessorImpl.invoke(NativeMethodAccessorImpl.java:77)
	at java.base/jdk.internal.reflect.DelegatingMethodAccessorImpl.invoke(DelegatingMethodAccessorImpl.java:43)
	...
	at org.geoserver.catalog.impl.ModificationProxy.invoke(ModificationProxy.java:152)
	at jdk.proxy2/jdk.proxy2.$Proxy55.getFeatureType(Unknown Source)
	at org.geoserver.web.CatalogIconFactory.getSpecificLayerIcon(CatalogIconFactory.java:107)
	at org.geoserver.web.demo.PreviewLayer.getIcon(PreviewLayer.java:94)
	at org.geoserver.web.demo.MapPreviewPage$1.getComponentForProperty(MapPreviewPage.java:88)
	at org.geoserver.web.wicket.GeoServerTablePanel$5.populateItem(GeoServerTablePanel.java:291)
	at org.apache.wicket.markup.html.list.ListView.onPopulate(ListView.java:523)
	at org.apache.wicket.markup.repeater.AbstractRepeater.onBeforeRender(AbstractRepeater.java:124)
	at org.apache.wicket.Component.beforeRender(Component.java:949)
	at org.apache.wicket.MarkupContainer.onBeforeRenderChildren(MarkupContainer.java:1747)
	at org.apache.wicket.Component.onBeforeRender(Component.java:3834)
	at org.apache.wicket.Component.beforeRender(Component.java:949)
	at org.apache.wicket.MarkupContainer.onBeforeRenderChildren(MarkupContainer.java:1747)
	at org.apache.wicket.Component.onBeforeRender(Component.java:3834)
	at org.apache.wicket.markup.repeater.AbstractRepeater.onBeforeRender(AbstractRepeater.java:143)
	at org.apache.wicket.markup.repeater.AbstractPageableView.onBeforeRender(AbstractPageableView.java:113)
	at org.apache.wicket.Component.beforeRender(Component.java:949)
	at org.apache.wicket.MarkupContainer.onBeforeRenderChildren(MarkupContainer.java:1747)
	at org.apache.wicket.Component.onBeforeRender(Component.java:3834)
	at org.apache.wicket.Component.beforeRender(Component.java:949)
	at org.apache.wicket.MarkupContainer.onBeforeRenderChildren(MarkupContainer.java:1747)
	at org.apache.wicket.Component.onBeforeRender(Component.java:3834)
	at org.apache.wicket.Component.beforeRender(Component.java:949)
	at org.apache.wicket.MarkupContainer.onBeforeRenderChildren(MarkupContainer.java:1747)
	at org.apache.wicket.Component.onBeforeRender(Component.java:3834)
	at org.apache.wicket.Page.onBeforeRender(Page.java:788)
	at org.apache.wicket.Component.beforeRender(Component.java:949)
	at org.apache.wicket.Page.renderPage(Page.java:990)
	at org.apache.wicket.request.handler.render.WebPageRenderer.renderPage(WebPageRenderer.java:124)
	at org.apache.wicket.request.handler.render.WebPageRenderer.respond(WebPageRenderer.java:236)
	at org.apache.wicket.core.request.handler.RenderPageRequestHandler.respond(RenderPageRequestHandler.java:202)
	at org.apache.wicket.request.cycle.RequestCycle$HandlerExecutor.respond(RequestCycle.java:913)
	at org.apache.wicket.request.RequestHandlerExecutor.execute(RequestHandlerExecutor.java:63)
	at org.apache.wicket.request.cycle.RequestCycle.execute(RequestCycle.java:294)
	at org.apache.wicket.request.cycle.RequestCycle.processRequest(RequestCycle.java:255)
	at org.apache.wicket.protocol.http.WicketFilter.processRequestCycle(WicketFilter.java:277)
	at org.apache.wicket.protocol.http.WicketFilter.processRequest(WicketFilter.java:208)
	at org.apache.wicket.protocol.http.WicketServlet.doGet(WicketServlet.java:137)
	at jakarta.servlet.http.HttpServlet.service(HttpServlet.java:633)
	at jakarta.servlet.http.HttpServlet.service(HttpServlet.java:723)
	at org.springframework.web.servlet.mvc.ServletWrappingController.handleRequestInternal(ServletWrappingController.java:162)
	at org.springframework.web.servlet.mvc.AbstractController.handleRequest(AbstractController.java:177)
	at org.springframework.web.servlet.mvc.SimpleControllerHandlerAdapter.handle(SimpleControllerHandlerAdapter.java:49)
	at org.springframework.web.servlet.DispatcherServlet.doDispatch(DispatcherServlet.java:963)
	at org.springframework.web.servlet.DispatcherServlet.doService(DispatcherServlet.java:866)
	at org.springframework.web.servlet.FrameworkServlet.processRequest(FrameworkServlet.java:1003)
	at org.springframework.web.servlet.FrameworkServlet.doGet(FrameworkServlet.java:892)
	at jakarta.servlet.http.HttpServlet.service(HttpServlet.java:633)
	at org.springframework.web.servlet.FrameworkServlet.service(FrameworkServlet.java:874)
	at jakarta.servlet.http.HttpServlet.service(HttpServlet.java:723)
	at org.eclipse.jetty.ee10.servlet.ServletHolder$NotAsync.service(ServletHolder.java:1395)
	at org.eclipse.jetty.ee10.servlet.ServletHolder.handle(ServletHolder.java:752)
	at org.eclipse.jetty.ee10.servlet.ServletHandler$ChainEnd.doFilter(ServletHandler.java:1620)
	at org.geoserver.filters.ThreadLocalsCleanupFilter.doFilter(ThreadLocalsCleanupFilter.java:28)
	at org.eclipse.jetty.ee10.servlet.FilterHolder.doFilter(FilterHolder.java:205)
	at org.eclipse.jetty.ee10.servlet.ServletHandler$Chain.doFilter(ServletHandler.java:1592)
	at org.geoserver.filters.SpringDelegatingFilter$Chain.doFilter(SpringDelegatingFilter.java:70)
	at org.geoserver.rest.SuffixStripFilter.doFilterInternal(SuffixStripFilter.java:79)
	at org.springframework.web.filter.OncePerRequestFilter.doFilter(OncePerRequestFilter.java:116)
	at org.geoserver.filters.SpringDelegatingFilter$Chain.doFilter(SpringDelegatingFilter.java:67)
	at org.geoserver.ows.HTTPHeadersCollector.doFilter(HTTPHeadersCollector.java:48)
	at org.geoserver.filters.SpringDelegatingFilter$Chain.doFilter(SpringDelegatingFilter.java:67)
	at org.geoserver.filters.HTTPMethodFilter.doFilter(HTTPMethodFilter.java:34)
	at org.geoserver.filters.SpringDelegatingFilter$Chain.doFilter(SpringDelegatingFilter.java:67)
	at org.geoserver.filters.LoggingFilter.doFilter(LoggingFilter.java:180)
	at org.geoserver.filters.SpringDelegatingFilter$Chain.doFilter(SpringDelegatingFilter.java:67)
	at org.geoserver.filters.SpringDelegatingFilter.doFilter(SpringDelegatingFilter.java:41)
	at org.eclipse.jetty.ee10.servlet.FilterHolder.doFilter(FilterHolder.java:205)
	at org.eclipse.jetty.ee10.servlet.ServletHandler$Chain.doFilter(ServletHandler.java:1592)
	at org.geoserver.platform.AdvancedDispatchFilter.doFilter(AdvancedDispatchFilter.java:39)
	at org.eclipse.jetty.ee10.servlet.FilterHolder.doFilter(FilterHolder.java:205)
	at org.eclipse.jetty.ee10.servlet.ServletHandler$Chain.doFilter(ServletHandler.java:1592)
	at org.springframework.security.web.FilterChainProxy.lambda$doFilterInternal$3(FilterChainProxy.java:235)
	at org.springframework.security.web.FilterChainProxy$VirtualFilterChain.doFilter(FilterChainProxy.java:371)
	at org.geoserver.security.filter.GeoServerCompositeFilter$NestedFilterChain.doFilter(GeoServerCompositeFilter.java:67)
	at org.springframework.security.web.access.intercept.AuthorizationFilter.doFilter(AuthorizationFilter.java:101)
	at org.geoserver.security.filter.GeoServerCompositeFilter$NestedFilterChain.doFilter(GeoServerCompositeFilter.java:71)
	at org.geoserver.security.filter.GeoServerCompositeFilter.doFilter(GeoServerCompositeFilter.java:88)
	at org.springframework.security.web.FilterChainProxy$VirtualFilterChain.doFilter(FilterChainProxy.java:380)
	at org.geoserver.security.filter.GeoServerCompositeFilter$NestedFilterChain.doFilter(GeoServerCompositeFilter.java:67)
	at org.springframework.security.web.access.ExceptionTranslationFilter.doFilter(ExceptionTranslationFilter.java:126)
	at org.springframework.security.web.access.ExceptionTranslationFilter.doFilter(ExceptionTranslationFilter.java:120)
	at org.geoserver.security.filter.GeoServerCompositeFilter$NestedFilterChain.doFilter(GeoServerCompositeFilter.java:71)
	at org.geoserver.security.filter.GeoServerCompositeFilter.doFilter(GeoServerCompositeFilter.java:88)
	at org.springframework.security.web.FilterChainProxy$VirtualFilterChain.doFilter(FilterChainProxy.java:380)
	at org.geoserver.security.filter.GeoServerAnonymousAuthenticationFilter.doFilter(GeoServerAnonymousAuthenticationFilter.java:52)
	at org.springframework.security.web.FilterChainProxy$VirtualFilterChain.doFilter(FilterChainProxy.java:380)
	at org.geoserver.security.filter.GeoServerCompositeFilter$NestedFilterChain.doFilter(GeoServerCompositeFilter.java:67)
	at org.springframework.security.web.authentication.AbstractAuthenticationProcessingFilter.doFilter(AbstractAuthenticationProcessingFilter.java:245)
	at org.springframework.security.web.authentication.AbstractAuthenticationProcessingFilter.doFilter(AbstractAuthenticationProcessingFilter.java:239)
	at org.geoserver.security.filter.GeoServerCompositeFilter$NestedFilterChain.doFilter(GeoServerCompositeFilter.java:71)
	at org.geoserver.security.filter.GeoServerCompositeFilter.doFilter(GeoServerCompositeFilter.java:88)
	at org.geoserver.security.filter.GeoServerUserNamePasswordAuthenticationFilter.doFilter(GeoServerUserNamePasswordAuthenticationFilter.java:117)
	at org.springframework.security.web.FilterChainProxy$VirtualFilterChain.doFilter(FilterChainProxy.java:380)
	at org.geoserver.security.filter.GeoServerCompositeFilter$NestedFilterChain.doFilter(GeoServerCompositeFilter.java:67)
	at org.springframework.security.web.authentication.rememberme.RememberMeAuthenticationFilter.doFilter(RememberMeAuthenticationFilter.java:115)
	at org.springframework.security.web.authentication.rememberme.RememberMeAuthenticationFilter.doFilter(RememberMeAuthenticationFilter.java:106)
	at org.geoserver.security.filter.GeoServerCompositeFilter$NestedFilterChain.doFilter(GeoServerCompositeFilter.java:71)
	at org.geoserver.security.filter.GeoServerCompositeFilter.doFilter(GeoServerCompositeFilter.java:88)
	at org.springframework.security.web.FilterChainProxy$VirtualFilterChain.doFilter(FilterChainProxy.java:380)
	at org.geoserver.security.filter.GeoServerCompositeFilter$NestedFilterChain.doFilter(GeoServerCompositeFilter.java:67)
	at org.geoserver.security.filter.GeoServerSecurityContextPersistenceFilter$1.doFilterInternal(GeoServerSecurityContextPersistenceFilter.java:66)
	at org.springframework.web.filter.OncePerRequestFilter.doFilter(OncePerRequestFilter.java:116)
	at org.geoserver.security.filter.GeoServerCompositeFilter$NestedFilterChain.doFilter(GeoServerCompositeFilter.java:71)
	at org.geoserver.security.filter.GeoServerCompositeFilter.doFilter(GeoServerCompositeFilter.java:88)
	at org.springframework.security.web.FilterChainProxy$VirtualFilterChain.doFilter(FilterChainProxy.java:380)
	at org.springframework.security.web.FilterChainProxy.doFilterInternal(FilterChainProxy.java:237)
	at org.springframework.security.web.FilterChainProxy.doFilter(FilterChainProxy.java:195)
	at org.geoserver.security.GeoServerSecurityFilterChainProxy.doFilter(GeoServerSecurityFilterChainProxy.java:139)
	at org.springframework.web.filter.DelegatingFilterProxy.invokeDelegate(DelegatingFilterProxy.java:355)
	at org.springframework.web.filter.DelegatingFilterProxy.doFilter(DelegatingFilterProxy.java:272)
	at org.eclipse.jetty.ee10.servlet.FilterHolder.doFilter(FilterHolder.java:205)
	at org.eclipse.jetty.ee10.servlet.ServletHandler$Chain.doFilter(ServletHandler.java:1592)
	at org.geoserver.filters.SecurityHeadersFilter.doFilter(SecurityHeadersFilter.java:116)
	at org.eclipse.jetty.ee10.servlet.FilterHolder.doFilter(FilterHolder.java:205)
	at org.eclipse.jetty.ee10.servlet.ServletHandler$Chain.doFilter(ServletHandler.java:1592)
	at org.geoserver.filters.GZIPFilter.doFilter(GZIPFilter.java:46)
	at org.eclipse.jetty.ee10.servlet.FilterHolder.doFilter(FilterHolder.java:205)
	at org.eclipse.jetty.ee10.servlet.ServletHandler$Chain.doFilter(ServletHandler.java:1592)
	at org.geoserver.filters.SessionDebugFilter.doFilter(SessionDebugFilter.java:47)
	at org.eclipse.jetty.ee10.servlet.FilterHolder.doFilter(FilterHolder.java:205)
	at org.eclipse.jetty.ee10.servlet.ServletHandler$Chain.doFilter(ServletHandler.java:1592)
	at org.geoserver.filters.FlushSafeFilter.doFilter(FlushSafeFilter.java:41)
	at org.eclipse.jetty.ee10.servlet.FilterHolder.doFilter(FilterHolder.java:205)
	at org.eclipse.jetty.ee10.servlet.ServletHandler$Chain.doFilter(ServletHandler.java:1592)
	at org.springframework.web.filter.CharacterEncodingFilter.doFilterInternal(CharacterEncodingFilter.java:199)
	at org.springframework.web.filter.OncePerRequestFilter.doFilter(OncePerRequestFilter.java:116)
	at org.eclipse.jetty.ee10.servlet.FilterHolder.doFilter(FilterHolder.java:208)
	at org.eclipse.jetty.ee10.servlet.ServletHandler$Chain.doFilter(ServletHandler.java:1592)
	at org.eclipse.jetty.ee10.servlet.ServletHandler$MappedServlet.handle(ServletHandler.java:1554)
	at org.eclipse.jetty.ee10.servlet.ServletChannel.dispatch(ServletChannel.java:807)
	at org.eclipse.jetty.ee10.servlet.ServletChannel.handle(ServletChannel.java:442)
	at org.eclipse.jetty.ee10.servlet.ServletHandler.handle(ServletHandler.java:469)
	at org.eclipse.jetty.security.SecurityHandler.handle(SecurityHandler.java:575)
	at org.eclipse.jetty.ee10.servlet.SessionHandler.handle(SessionHandler.java:719)
	at org.eclipse.jetty.server.handler.ContextHandler.handle(ContextHandler.java:1220)
	at org.eclipse.jetty.server.Server.handle(Server.java:195)
	at org.eclipse.jetty.server.internal.HttpChannelState$HandlerInvoker.run(HttpChannelState.java:680)
	at org.eclipse.jetty.server.internal.HttpConnection.onFillable(HttpConnection.java:411)
	at org.eclipse.jetty.server.internal.HttpConnection$FillableCallback.succeeded(HttpConnection.java:1809)
	at org.eclipse.jetty.io.FillInterest.fillable(FillInterest.java:105)
	at org.eclipse.jetty.io.SelectableChannelEndPoint$1.run(SelectableChannelEndPoint.java:54)
	at org.eclipse.jetty.util.thread.strategy.AdaptiveExecutionStrategy.runTask(AdaptiveExecutionStrategy.java:492)
	at org.eclipse.jetty.util.thread.strategy.AdaptiveExecutionStrategy.epcRunTask(AdaptiveExecutionStrategy.java:428)
	at org.eclipse.jetty.util.thread.strategy.AdaptiveExecutionStrategy.consumeTask(AdaptiveExecutionStrategy.java:401)
	at org.eclipse.jetty.util.thread.strategy.AdaptiveExecutionStrategy.tryProduce(AdaptiveExecutionStrategy.java:255)
	at org.eclipse.jetty.util.thread.strategy.AdaptiveExecutionStrategy.run(AdaptiveExecutionStrategy.java:204)
	at org.eclipse.jetty.util.thread.ReservedThreadExecutor$ReservedThread.run(ReservedThreadExecutor.java:312)
	at org.eclipse.jetty.util.thread.QueuedThreadPool.runJob(QueuedThreadPool.java:1009)
	at org.eclipse.jetty.util.thread.QueuedThreadPool$Runner.doRunJob(QueuedThreadPool.java:1239)
	at org.eclipse.jetty.util.thread.QueuedThreadPool$Runner.run(QueuedThreadPool.java:1194)
	at java.base/java.lang.Thread.run(Thread.java:842)
16 Feb 11:59:45 WARN   [geotools.jdbc] - Couldn't determine CRS of table geo_feature with srid: 0.
16 Feb 11:59:45 WARN   [geotools.jdbc] - Couldn't determine CRS of table test_pm2p5 with srid: 0.
16 Feb 11:59:45 WARN   [geotools.jdbc] - Couldn't determine CRS of table upload_data with srid: 0.
16 Feb 11:59:45 WARN   [geotools.jdbc] - Couldn't determine CRS of table upload_data with srid: 0.
16 Feb 12:00:18 WARN   [geoserver.catalog] - Error while getting feature type, flushing cache and retrying: Schema 'Drain_PLL' does not exist.
16 Feb 12:00:18 WARN   [geoserver.catalog] - Unable to flush 'http://www.geo-solutions.it:Drain_PLL
java.io.IOException: Schema 'Drain_PLL' does not exist.
	at org.geotools.data.store.ContentDataStore.ensureEntry(ContentDataStore.java:535)
	at org.geotools.data.store.ContentDataStore.getFeatureSource(ContentDataStore.java:331)
	at org.geotools.data.store.ContentDataStore.getFeatureSource(ContentDataStore.java:306)
	at org.geoserver.catalog.ResourcePool.flushState(ResourcePool.java:2715)
	at org.geoserver.catalog.ResourcePool.flushDataStore(ResourcePool.java:2691)
	at org.geoserver.catalog.ResourcePool.clear(ResourcePool.java:1292)
	at org.geoserver.catalog.ResourcePool.getFeatureType(ResourcePool.java:1023)
	at org.geoserver.catalog.ResourcePool.getFeatureType(ResourcePool.java:1011)
	at org.geoserver.catalog.impl.FeatureTypeInfoImpl.getFeatureType(FeatureTypeInfoImpl.java:134)
	at jdk.internal.reflect.GeneratedMethodAccessor170.invoke(Unknown Source)
	at java.base/jdk.internal.reflect.DelegatingMethodAccessorImpl.invoke(DelegatingMethodAccessorImpl.java:43)
	...
	at org.geoserver.catalog.impl.ModificationProxy.invoke(ModificationProxy.java:152)
	at jdk.proxy2/jdk.proxy2.$Proxy55.getFeatureType(Unknown Source)
	at org.geoserver.web.CatalogIconFactory.getSpecificLayerIcon(CatalogIconFactory.java:107)
	at org.geoserver.web.demo.PreviewLayer.getIcon(PreviewLayer.java:94)
	at org.geoserver.web.demo.MapPreviewPage$1.getComponentForProperty(MapPreviewPage.java:88)
	at org.geoserver.web.wicket.GeoServerTablePanel$5.populateItem(GeoServerTablePanel.java:291)
	at org.apache.wicket.markup.html.list.ListView.onPopulate(ListView.java:523)
	at org.apache.wicket.markup.repeater.AbstractRepeater.onBeforeRender(AbstractRepeater.java:124)
	at org.apache.wicket.Component.beforeRender(Component.java:949)
	at org.apache.wicket.MarkupContainer.onBeforeRenderChildren(MarkupContainer.java:1747)
	at org.apache.wicket.Component.onBeforeRender(Component.java:3834)
	at org.apache.wicket.Component.beforeRender(Component.java:949)
	at org.apache.wicket.MarkupContainer.onBeforeRenderChildren(MarkupContainer.java:1747)
	at org.apache.wicket.Component.onBeforeRender(Component.java:3834)
	at org.apache.wicket.markup.repeater.AbstractRepeater.onBeforeRender(AbstractRepeater.java:143)
	at org.apache.wicket.markup.repeater.AbstractPageableView.onBeforeRender(AbstractPageableView.java:113)
	at org.apache.wicket.Component.beforeRender(Component.java:949)
	at org.apache.wicket.MarkupContainer.onBeforeRenderChildren(MarkupContainer.java:1747)
	at org.apache.wicket.Component.onBeforeRender(Component.java:3834)
	at org.apache.wicket.Component.beforeRender(Component.java:949)
	at org.apache.wicket.page.PartialPageUpdate.prepareComponent(PartialPageUpdate.java:380)
	at org.apache.wicket.page.PartialPageUpdate.writeComponents(PartialPageUpdate.java:309)
	at org.apache.wicket.page.PartialPageUpdate.writeTo(PartialPageUpdate.java:182)
	at org.apache.wicket.ajax.AjaxRequestHandler.respond(AjaxRequestHandler.java:279)
	at org.apache.wicket.request.cycle.RequestCycle$HandlerExecutor.respond(RequestCycle.java:913)
	at org.apache.wicket.request.RequestHandlerExecutor.execute(RequestHandlerExecutor.java:63)
	at org.apache.wicket.request.cycle.RequestCycle.execute(RequestCycle.java:294)
	at org.apache.wicket.request.cycle.RequestCycle.processRequest(RequestCycle.java:255)
	at org.apache.wicket.protocol.http.WicketFilter.processRequestCycle(WicketFilter.java:277)
	at org.apache.wicket.protocol.http.WicketFilter.processRequest(WicketFilter.java:208)
	at org.apache.wicket.protocol.http.WicketServlet.doPost(WicketServlet.java:159)
	at jakarta.servlet.http.HttpServlet.service(HttpServlet.java:653)
	at jakarta.servlet.http.HttpServlet.service(HttpServlet.java:723)
	at org.springframework.web.servlet.mvc.ServletWrappingController.handleRequestInternal(ServletWrappingController.java:162)
	at org.springframework.web.servlet.mvc.AbstractController.handleRequest(AbstractController.java:177)
	at org.springframework.web.servlet.mvc.SimpleControllerHandlerAdapter.handle(SimpleControllerHandlerAdapter.java:49)
	at org.springframework.web.servlet.DispatcherServlet.doDispatch(DispatcherServlet.java:963)
	at org.springframework.web.servlet.DispatcherServlet.doService(DispatcherServlet.java:866)
	at org.springframework.web.servlet.FrameworkServlet.processRequest(FrameworkServlet.java:1003)
	at org.springframework.web.servlet.FrameworkServlet.doPost(FrameworkServlet.java:903)
	at jakarta.servlet.http.HttpServlet.service(HttpServlet.java:653)
	at org.springframework.web.servlet.FrameworkServlet.service(FrameworkServlet.java:874)
	at jakarta.servlet.http.HttpServlet.service(HttpServlet.java:723)
	at org.eclipse.jetty.ee10.servlet.ServletHolder$NotAsync.service(ServletHolder.java:1395)
	at org.eclipse.jetty.ee10.servlet.ServletHolder.handle(ServletHolder.java:752)
	at org.eclipse.jetty.ee10.servlet.ServletHandler$ChainEnd.doFilter(ServletHandler.java:1620)
	at org.geoserver.filters.ThreadLocalsCleanupFilter.doFilter(ThreadLocalsCleanupFilter.java:28)
	at org.eclipse.jetty.ee10.servlet.FilterHolder.doFilter(FilterHolder.java:205)
	at org.eclipse.jetty.ee10.servlet.ServletHandler$Chain.doFilter(ServletHandler.java:1592)
	at org.geoserver.filters.SpringDelegatingFilter$Chain.doFilter(SpringDelegatingFilter.java:70)
	at org.geoserver.rest.SuffixStripFilter.doFilterInternal(SuffixStripFilter.java:79)
	at org.springframework.web.filter.OncePerRequestFilter.doFilter(OncePerRequestFilter.java:116)
	at org.geoserver.filters.SpringDelegatingFilter$Chain.doFilter(SpringDelegatingFilter.java:67)
	at org.geoserver.ows.HTTPHeadersCollector.doFilter(HTTPHeadersCollector.java:48)
	at org.geoserver.filters.SpringDelegatingFilter$Chain.doFilter(SpringDelegatingFilter.java:67)
	at org.geoserver.filters.HTTPMethodFilter.doFilter(HTTPMethodFilter.java:34)
	at org.geoserver.filters.SpringDelegatingFilter$Chain.doFilter(SpringDelegatingFilter.java:67)
	at org.geoserver.filters.LoggingFilter.doFilter(LoggingFilter.java:180)
	at org.geoserver.filters.SpringDelegatingFilter$Chain.doFilter(SpringDelegatingFilter.java:67)
	at org.geoserver.filters.SpringDelegatingFilter.doFilter(SpringDelegatingFilter.java:41)
	at org.eclipse.jetty.ee10.servlet.FilterHolder.doFilter(FilterHolder.java:205)
	at org.eclipse.jetty.ee10.servlet.ServletHandler$Chain.doFilter(ServletHandler.java:1592)
	at org.geoserver.platform.AdvancedDispatchFilter.doFilter(AdvancedDispatchFilter.java:39)
	at org.eclipse.jetty.ee10.servlet.FilterHolder.doFilter(FilterHolder.java:205)
	at org.eclipse.jetty.ee10.servlet.ServletHandler$Chain.doFilter(ServletHandler.java:1592)
	at org.springframework.security.web.FilterChainProxy.lambda$doFilterInternal$3(FilterChainProxy.java:235)
	at org.springframework.security.web.FilterChainProxy$VirtualFilterChain.doFilter(FilterChainProxy.java:371)
	at org.geoserver.security.filter.GeoServerCompositeFilter$NestedFilterChain.doFilter(GeoServerCompositeFilter.java:67)
	at org.springframework.security.web.access.intercept.AuthorizationFilter.doFilter(AuthorizationFilter.java:101)
	at org.geoserver.security.filter.GeoServerCompositeFilter$NestedFilterChain.doFilter(GeoServerCompositeFilter.java:71)
	at org.geoserver.security.filter.GeoServerCompositeFilter.doFilter(GeoServerCompositeFilter.java:88)
	at org.springframework.security.web.FilterChainProxy$VirtualFilterChain.doFilter(FilterChainProxy.java:380)
	at org.geoserver.security.filter.GeoServerCompositeFilter$NestedFilterChain.doFilter(GeoServerCompositeFilter.java:67)
	at org.springframework.security.web.access.ExceptionTranslationFilter.doFilter(ExceptionTranslationFilter.java:126)
	at org.springframework.security.web.access.ExceptionTranslationFilter.doFilter(ExceptionTranslationFilter.java:120)
	at org.geoserver.security.filter.GeoServerCompositeFilter$NestedFilterChain.doFilter(GeoServerCompositeFilter.java:71)
	at org.geoserver.security.filter.GeoServerCompositeFilter.doFilter(GeoServerCompositeFilter.java:88)
	at org.springframework.security.web.FilterChainProxy$VirtualFilterChain.doFilter(FilterChainProxy.java:380)
	at org.geoserver.security.filter.GeoServerAnonymousAuthenticationFilter.doFilter(GeoServerAnonymousAuthenticationFilter.java:52)
	at org.springframework.security.web.FilterChainProxy$VirtualFilterChain.doFilter(FilterChainProxy.java:380)
	at org.geoserver.security.filter.GeoServerCompositeFilter$NestedFilterChain.doFilter(GeoServerCompositeFilter.java:67)
	at org.springframework.security.web.authentication.AbstractAuthenticationProcessingFilter.doFilter(AbstractAuthenticationProcessingFilter.java:245)
	at org.springframework.security.web.authentication.AbstractAuthenticationProcessingFilter.doFilter(AbstractAuthenticationProcessingFilter.java:239)
	at org.geoserver.security.filter.GeoServerCompositeFilter$NestedFilterChain.doFilter(GeoServerCompositeFilter.java:71)
	at org.geoserver.security.filter.GeoServerCompositeFilter.doFilter(GeoServerCompositeFilter.java:88)
	at org.geoserver.security.filter.GeoServerUserNamePasswordAuthenticationFilter.doFilter(GeoServerUserNamePasswordAuthenticationFilter.java:117)
	at org.springframework.security.web.FilterChainProxy$VirtualFilterChain.doFilter(FilterChainProxy.java:380)
	at org.geoserver.security.filter.GeoServerCompositeFilter$NestedFilterChain.doFilter(GeoServerCompositeFilter.java:67)
	at org.springframework.security.web.authentication.rememberme.RememberMeAuthenticationFilter.doFilter(RememberMeAuthenticationFilter.java:115)
	at org.springframework.security.web.authentication.rememberme.RememberMeAuthenticationFilter.doFilter(RememberMeAuthenticationFilter.java:106)
	at org.geoserver.security.filter.GeoServerCompositeFilter$NestedFilterChain.doFilter(GeoServerCompositeFilter.java:71)
	at org.geoserver.security.filter.GeoServerCompositeFilter.doFilter(GeoServerCompositeFilter.java:88)
	at org.springframework.security.web.FilterChainProxy$VirtualFilterChain.doFilter(FilterChainProxy.java:380)
	at org.geoserver.security.filter.GeoServerCompositeFilter$NestedFilterChain.doFilter(GeoServerCompositeFilter.java:67)
	at org.geoserver.security.filter.GeoServerSecurityContextPersistenceFilter$1.doFilterInternal(GeoServerSecurityContextPersistenceFilter.java:66)
	at org.springframework.web.filter.OncePerRequestFilter.doFilter(OncePerRequestFilter.java:116)
	at org.geoserver.security.filter.GeoServerCompositeFilter$NestedFilterChain.doFilter(GeoServerCompositeFilter.java:71)
	at org.geoserver.security.filter.GeoServerCompositeFilter.doFilter(GeoServerCompositeFilter.java:88)
	at org.springframework.security.web.FilterChainProxy$VirtualFilterChain.doFilter(FilterChainProxy.java:380)
	at org.springframework.security.web.FilterChainProxy.doFilterInternal(FilterChainProxy.java:237)
	at org.springframework.security.web.FilterChainProxy.doFilter(FilterChainProxy.java:195)
	at org.geoserver.security.GeoServerSecurityFilterChainProxy.doFilter(GeoServerSecurityFilterChainProxy.java:139)
	at org.springframework.web.filter.DelegatingFilterProxy.invokeDelegate(DelegatingFilterProxy.java:355)
	at org.springframework.web.filter.DelegatingFilterProxy.doFilter(DelegatingFilterProxy.java:272)
	at org.eclipse.jetty.ee10.servlet.FilterHolder.doFilter(FilterHolder.java:205)
	at org.eclipse.jetty.ee10.servlet.ServletHandler$Chain.doFilter(ServletHandler.java:1592)
	at org.geoserver.filters.SecurityHeadersFilter.doFilter(SecurityHeadersFilter.java:116)
	at org.eclipse.jetty.ee10.servlet.FilterHolder.doFilter(FilterHolder.java:205)
	at org.eclipse.jetty.ee10.servlet.ServletHandler$Chain.doFilter(ServletHandler.java:1592)
	at org.geoserver.filters.GZIPFilter.doFilter(GZIPFilter.java:46)
	at org.eclipse.jetty.ee10.servlet.FilterHolder.doFilter(FilterHolder.java:205)
	at org.eclipse.jetty.ee10.servlet.ServletHandler$Chain.doFilter(ServletHandler.java:1592)
	at org.geoserver.filters.SessionDebugFilter.doFilter(SessionDebugFilter.java:47)
	at org.eclipse.jetty.ee10.servlet.FilterHolder.doFilter(FilterHolder.java:205)
	at org.eclipse.jetty.ee10.servlet.ServletHandler$Chain.doFilter(ServletHandler.java:1592)
	at org.geoserver.filters.FlushSafeFilter.doFilter(FlushSafeFilter.java:41)
	at org.eclipse.jetty.ee10.servlet.FilterHolder.doFilter(FilterHolder.java:205)
	at org.eclipse.jetty.ee10.servlet.ServletHandler$Chain.doFilter(ServletHandler.java:1592)
	at org.springframework.web.filter.CharacterEncodingFilter.doFilterInternal(CharacterEncodingFilter.java:199)
	at org.springframework.web.filter.OncePerRequestFilter.doFilter(OncePerRequestFilter.java:116)
	at org.eclipse.jetty.ee10.servlet.FilterHolder.doFilter(FilterHolder.java:208)
	at org.eclipse.jetty.ee10.servlet.ServletHandler$Chain.doFilter(ServletHandler.java:1592)
	at org.eclipse.jetty.ee10.servlet.ServletHandler$MappedServlet.handle(ServletHandler.java:1554)
	at org.eclipse.jetty.ee10.servlet.ServletChannel.dispatch(ServletChannel.java:807)
	at org.eclipse.jetty.ee10.servlet.ServletChannel.handle(ServletChannel.java:442)
	at org.eclipse.jetty.ee10.servlet.ServletHandler.handle(ServletHandler.java:469)
	at org.eclipse.jetty.security.SecurityHandler.handle(SecurityHandler.java:575)
	at org.eclipse.jetty.ee10.servlet.SessionHandler.handle(SessionHandler.java:719)
	at org.eclipse.jetty.server.handler.ContextHandler.handle(ContextHandler.java:1220)
	at org.eclipse.jetty.server.Server.handle(Server.java:195)
	at org.eclipse.jetty.server.internal.HttpChannelState$HandlerInvoker.run(HttpChannelState.java:680)
	at org.eclipse.jetty.server.internal.HttpConnection.onFillable(HttpConnection.java:411)
	at org.eclipse.jetty.server.internal.HttpConnection$FillableCallback.succeeded(HttpConnection.java:1809)
	at org.eclipse.jetty.io.FillInterest.fillable(FillInterest.java:105)
	at org.eclipse.jetty.io.SelectableChannelEndPoint$1.run(SelectableChannelEndPoint.java:54)
	at org.eclipse.jetty.util.thread.strategy.AdaptiveExecutionStrategy.runTask(AdaptiveExecutionStrategy.java:492)
	at org.eclipse.jetty.util.thread.strategy.AdaptiveExecutionStrategy.epcRunTask(AdaptiveExecutionStrategy.java:428)
	at org.eclipse.jetty.util.thread.strategy.AdaptiveExecutionStrategy.consumeTask(AdaptiveExecutionStrategy.java:401)
	at org.eclipse.jetty.util.thread.strategy.AdaptiveExecutionStrategy.tryProduce(AdaptiveExecutionStrategy.java:255)
	at org.eclipse.jetty.util.thread.strategy.AdaptiveExecutionStrategy.run(AdaptiveExecutionStrategy.java:204)
	at org.eclipse.jetty.util.thread.ReservedThreadExecutor$ReservedThread.run(ReservedThreadExecutor.java:312)
	at org.eclipse.jetty.util.thread.QueuedThreadPool.runJob(QueuedThreadPool.java:1009)
	at org.eclipse.jetty.util.thread.QueuedThreadPool$Runner.doRunJob(QueuedThreadPool.java:1239)
	at org.eclipse.jetty.util.thread.QueuedThreadPool$Runner.run(QueuedThreadPool.java:1194)
	at java.base/java.lang.Thread.run(Thread.java:842)
16 Feb 12:00:18 WARN   [geoserver.catalog] - Unable to flush 'http://www.geo-solutions.it:Drain_PLL
java.io.IOException: Schema 'Drain_PLL' does not exist.
	at org.geotools.data.store.ContentDataStore.ensureEntry(ContentDataStore.java:535)
	at org.geotools.data.store.ContentDataStore.getFeatureSource(ContentDataStore.java:331)
	at org.geotools.data.store.ContentDataStore.getFeatureSource(ContentDataStore.java:306)
	at org.geoserver.catalog.ResourcePool.flushState(ResourcePool.java:2715)
	at org.geoserver.catalog.ResourcePool.flushDataStore(ResourcePool.java:2691)
	at org.geoserver.catalog.ResourcePool.getFeatureType(ResourcePool.java:1024)
	at org.geoserver.catalog.ResourcePool.getFeatureType(ResourcePool.java:1011)
	at org.geoserver.catalog.impl.FeatureTypeInfoImpl.getFeatureType(FeatureTypeInfoImpl.java:134)
	at jdk.internal.reflect.GeneratedMethodAccessor170.invoke(Unknown Source)
	at java.base/jdk.internal.reflect.DelegatingMethodAccessorImpl.invoke(DelegatingMethodAccessorImpl.java:43)
	...
	at org.geoserver.catalog.impl.ModificationProxy.invoke(ModificationProxy.java:152)
	at jdk.proxy2/jdk.proxy2.$Proxy55.getFeatureType(Unknown Source)
	at org.geoserver.web.CatalogIconFactory.getSpecificLayerIcon(CatalogIconFactory.java:107)
	at org.geoserver.web.demo.PreviewLayer.getIcon(PreviewLayer.java:94)
	at org.geoserver.web.demo.MapPreviewPage$1.getComponentForProperty(MapPreviewPage.java:88)
	at org.geoserver.web.wicket.GeoServerTablePanel$5.populateItem(GeoServerTablePanel.java:291)
	at org.apache.wicket.markup.html.list.ListView.onPopulate(ListView.java:523)
	at org.apache.wicket.markup.repeater.AbstractRepeater.onBeforeRender(AbstractRepeater.java:124)
	at org.apache.wicket.Component.beforeRender(Component.java:949)
	at org.apache.wicket.MarkupContainer.onBeforeRenderChildren(MarkupContainer.java:1747)
	at org.apache.wicket.Component.onBeforeRender(Component.java:3834)
	at org.apache.wicket.Component.beforeRender(Component.java:949)
	at org.apache.wicket.MarkupContainer.onBeforeRenderChildren(MarkupContainer.java:1747)
	at org.apache.wicket.Component.onBeforeRender(Component.java:3834)
	at org.apache.wicket.markup.repeater.AbstractRepeater.onBeforeRender(AbstractRepeater.java:143)
	at org.apache.wicket.markup.repeater.AbstractPageableView.onBeforeRender(AbstractPageableView.java:113)
	at org.apache.wicket.Component.beforeRender(Component.java:949)
	at org.apache.wicket.MarkupContainer.onBeforeRenderChildren(MarkupContainer.java:1747)
	at org.apache.wicket.Component.onBeforeRender(Component.java:3834)
	at org.apache.wicket.Component.beforeRender(Component.java:949)
	at org.apache.wicket.page.PartialPageUpdate.prepareComponent(PartialPageUpdate.java:380)
	at org.apache.wicket.page.PartialPageUpdate.writeComponents(PartialPageUpdate.java:309)
	at org.apache.wicket.page.PartialPageUpdate.writeTo(PartialPageUpdate.java:182)
	at org.apache.wicket.ajax.AjaxRequestHandler.respond(AjaxRequestHandler.java:279)
	at org.apache.wicket.request.cycle.RequestCycle$HandlerExecutor.respond(RequestCycle.java:913)
	at org.apache.wicket.request.RequestHandlerExecutor.execute(RequestHandlerExecutor.java:63)
	at org.apache.wicket.request.cycle.RequestCycle.execute(RequestCycle.java:294)
	at org.apache.wicket.request.cycle.RequestCycle.processRequest(RequestCycle.java:255)
	at org.apache.wicket.protocol.http.WicketFilter.processRequestCycle(WicketFilter.java:277)
	at org.apache.wicket.protocol.http.WicketFilter.processRequest(WicketFilter.java:208)
	at org.apache.wicket.protocol.http.WicketServlet.doPost(WicketServlet.java:159)
	at jakarta.servlet.http.HttpServlet.service(HttpServlet.java:653)
	at jakarta.servlet.http.HttpServlet.service(HttpServlet.java:723)
	at org.springframework.web.servlet.mvc.ServletWrappingController.handleRequestInternal(ServletWrappingController.java:162)
	at org.springframework.web.servlet.mvc.AbstractController.handleRequest(AbstractController.java:177)
	at org.springframework.web.servlet.mvc.SimpleControllerHandlerAdapter.handle(SimpleControllerHandlerAdapter.java:49)
	at org.springframework.web.servlet.DispatcherServlet.doDispatch(DispatcherServlet.java:963)
	at org.springframework.web.servlet.DispatcherServlet.doService(DispatcherServlet.java:866)
	at org.springframework.web.servlet.FrameworkServlet.processRequest(FrameworkServlet.java:1003)
	at org.springframework.web.servlet.FrameworkServlet.doPost(FrameworkServlet.java:903)
	at jakarta.servlet.http.HttpServlet.service(HttpServlet.java:653)
	at org.springframework.web.servlet.FrameworkServlet.service(FrameworkServlet.java:874)
	at jakarta.servlet.http.HttpServlet.service(HttpServlet.java:723)
	at org.eclipse.jetty.ee10.servlet.ServletHolder$NotAsync.service(ServletHolder.java:1395)
	at org.eclipse.jetty.ee10.servlet.ServletHolder.handle(ServletHolder.java:752)
	at org.eclipse.jetty.ee10.servlet.ServletHandler$ChainEnd.doFilter(ServletHandler.java:1620)
	at org.geoserver.filters.ThreadLocalsCleanupFilter.doFilter(ThreadLocalsCleanupFilter.java:28)
	at org.eclipse.jetty.ee10.servlet.FilterHolder.doFilter(FilterHolder.java:205)
	at org.eclipse.jetty.ee10.servlet.ServletHandler$Chain.doFilter(ServletHandler.java:1592)
	at org.geoserver.filters.SpringDelegatingFilter$Chain.doFilter(SpringDelegatingFilter.java:70)
	at org.geoserver.rest.SuffixStripFilter.doFilterInternal(SuffixStripFilter.java:79)
	at org.springframework.web.filter.OncePerRequestFilter.doFilter(OncePerRequestFilter.java:116)
	at org.geoserver.filters.SpringDelegatingFilter$Chain.doFilter(SpringDelegatingFilter.java:67)
	at org.geoserver.ows.HTTPHeadersCollector.doFilter(HTTPHeadersCollector.java:48)
	at org.geoserver.filters.SpringDelegatingFilter$Chain.doFilter(SpringDelegatingFilter.java:67)
	at org.geoserver.filters.HTTPMethodFilter.doFilter(HTTPMethodFilter.java:34)
	at org.geoserver.filters.SpringDelegatingFilter$Chain.doFilter(SpringDelegatingFilter.java:67)
	at org.geoserver.filters.LoggingFilter.doFilter(LoggingFilter.java:180)
	at org.geoserver.filters.SpringDelegatingFilter$Chain.doFilter(SpringDelegatingFilter.java:67)
	at org.geoserver.filters.SpringDelegatingFilter.doFilter(SpringDelegatingFilter.java:41)
	at org.eclipse.jetty.ee10.servlet.FilterHolder.doFilter(FilterHolder.java:205)
	at org.eclipse.jetty.ee10.servlet.ServletHandler$Chain.doFilter(ServletHandler.java:1592)
	at org.geoserver.platform.AdvancedDispatchFilter.doFilter(AdvancedDispatchFilter.java:39)
	at org.eclipse.jetty.ee10.servlet.FilterHolder.doFilter(FilterHolder.java:205)
	at org.eclipse.jetty.ee10.servlet.ServletHandler$Chain.doFilter(ServletHandler.java:1592)
	at org.springframework.security.web.FilterChainProxy.lambda$doFilterInternal$3(FilterChainProxy.java:235)
	at org.springframework.security.web.FilterChainProxy$VirtualFilterChain.doFilter(FilterChainProxy.java:371)
	at org.geoserver.security.filter.GeoServerCompositeFilter$NestedFilterChain.doFilter(GeoServerCompositeFilter.java:67)
	at org.springframework.security.web.access.intercept.AuthorizationFilter.doFilter(AuthorizationFilter.java:101)
	at org.geoserver.security.filter.GeoServerCompositeFilter$NestedFilterChain.doFilter(GeoServerCompositeFilter.java:71)
	at org.geoserver.security.filter.GeoServerCompositeFilter.doFilter(GeoServerCompositeFilter.java:88)
	at org.springframework.security.web.FilterChainProxy$VirtualFilterChain.doFilter(FilterChainProxy.java:380)
	at org.geoserver.security.filter.GeoServerCompositeFilter$NestedFilterChain.doFilter(GeoServerCompositeFilter.java:67)
	at org.springframework.security.web.access.ExceptionTranslationFilter.doFilter(ExceptionTranslationFilter.java:126)
	at org.springframework.security.web.access.ExceptionTranslationFilter.doFilter(ExceptionTranslationFilter.java:120)
	at org.geoserver.security.filter.GeoServerCompositeFilter$NestedFilterChain.doFilter(GeoServerCompositeFilter.java:71)
	at org.geoserver.security.filter.GeoServerCompositeFilter.doFilter(GeoServerCompositeFilter.java:88)
	at org.springframework.security.web.FilterChainProxy$VirtualFilterChain.doFilter(FilterChainProxy.java:380)
	at org.geoserver.security.filter.GeoServerAnonymousAuthenticationFilter.doFilter(GeoServerAnonymousAuthenticationFilter.java:52)
	at org.springframework.security.web.FilterChainProxy$VirtualFilterChain.doFilter(FilterChainProxy.java:380)
	at org.geoserver.security.filter.GeoServerCompositeFilter$NestedFilterChain.doFilter(GeoServerCompositeFilter.java:67)
	at org.springframework.security.web.authentication.AbstractAuthenticationProcessingFilter.doFilter(AbstractAuthenticationProcessingFilter.java:245)
	at org.springframework.security.web.authentication.AbstractAuthenticationProcessingFilter.doFilter(AbstractAuthenticationProcessingFilter.java:239)
	at org.geoserver.security.filter.GeoServerCompositeFilter$NestedFilterChain.doFilter(GeoServerCompositeFilter.java:71)
	at org.geoserver.security.filter.GeoServerCompositeFilter.doFilter(GeoServerCompositeFilter.java:88)
	at org.geoserver.security.filter.GeoServerUserNamePasswordAuthenticationFilter.doFilter(GeoServerUserNamePasswordAuthenticationFilter.java:117)
	at org.springframework.security.web.FilterChainProxy$VirtualFilterChain.doFilter(FilterChainProxy.java:380)
	at org.geoserver.security.filter.GeoServerCompositeFilter$NestedFilterChain.doFilter(GeoServerCompositeFilter.java:67)
	at org.springframework.security.web.authentication.rememberme.RememberMeAuthenticationFilter.doFilter(RememberMeAuthenticationFilter.java:115)
	at org.springframework.security.web.authentication.rememberme.RememberMeAuthenticationFilter.doFilter(RememberMeAuthenticationFilter.java:106)
	at org.geoserver.security.filter.GeoServerCompositeFilter$NestedFilterChain.doFilter(GeoServerCompositeFilter.java:71)
	at org.geoserver.security.filter.GeoServerCompositeFilter.doFilter(GeoServerCompositeFilter.java:88)
	at org.springframework.security.web.FilterChainProxy$VirtualFilterChain.doFilter(FilterChainProxy.java:380)
	at org.geoserver.security.filter.GeoServerCompositeFilter$NestedFilterChain.doFilter(GeoServerCompositeFilter.java:67)
	at org.geoserver.security.filter.GeoServerSecurityContextPersistenceFilter$1.doFilterInternal(GeoServerSecurityContextPersistenceFilter.java:66)
	at org.springframework.web.filter.OncePerRequestFilter.doFilter(OncePerRequestFilter.java:116)
	at org.geoserver.security.filter.GeoServerCompositeFilter$NestedFilterChain.doFilter(GeoServerCompositeFilter.java:71)
	at org.geoserver.security.filter.GeoServerCompositeFilter.doFilter(GeoServerCompositeFilter.java:88)
	at org.springframework.security.web.FilterChainProxy$VirtualFilterChain.doFilter(FilterChainProxy.java:380)
	at org.springframework.security.web.FilterChainProxy.doFilterInternal(FilterChainProxy.java:237)
	at org.springframework.security.web.FilterChainProxy.doFilter(FilterChainProxy.java:195)
	at org.geoserver.security.GeoServerSecurityFilterChainProxy.doFilter(GeoServerSecurityFilterChainProxy.java:139)
	at org.springframework.web.filter.DelegatingFilterProxy.invokeDelegate(DelegatingFilterProxy.java:355)
	at org.springframework.web.filter.DelegatingFilterProxy.doFilter(DelegatingFilterProxy.java:272)
	at org.eclipse.jetty.ee10.servlet.FilterHolder.doFilter(FilterHolder.java:205)
	at org.eclipse.jetty.ee10.servlet.ServletHandler$Chain.doFilter(ServletHandler.java:1592)
	at org.geoserver.filters.SecurityHeadersFilter.doFilter(SecurityHeadersFilter.java:116)
	at org.eclipse.jetty.ee10.servlet.FilterHolder.doFilter(FilterHolder.java:205)
	at org.eclipse.jetty.ee10.servlet.ServletHandler$Chain.doFilter(ServletHandler.java:1592)
	at org.geoserver.filters.GZIPFilter.doFilter(GZIPFilter.java:46)
	at org.eclipse.jetty.ee10.servlet.FilterHolder.doFilter(FilterHolder.java:205)
	at org.eclipse.jetty.ee10.servlet.ServletHandler$Chain.doFilter(ServletHandler.java:1592)
	at org.geoserver.filters.SessionDebugFilter.doFilter(SessionDebugFilter.java:47)
	at org.eclipse.jetty.ee10.servlet.FilterHolder.doFilter(FilterHolder.java:205)
	at org.eclipse.jetty.ee10.servlet.ServletHandler$Chain.doFilter(ServletHandler.java:1592)
	at org.geoserver.filters.FlushSafeFilter.doFilter(FlushSafeFilter.java:41)
	at org.eclipse.jetty.ee10.servlet.FilterHolder.doFilter(FilterHolder.java:205)
	at org.eclipse.jetty.ee10.servlet.ServletHandler$Chain.doFilter(ServletHandler.java:1592)
	at org.springframework.web.filter.CharacterEncodingFilter.doFilterInternal(CharacterEncodingFilter.java:199)
	at org.springframework.web.filter.OncePerRequestFilter.doFilter(OncePerRequestFilter.java:116)
	at org.eclipse.jetty.ee10.servlet.FilterHolder.doFilter(FilterHolder.java:208)
	at org.eclipse.jetty.ee10.servlet.ServletHandler$Chain.doFilter(ServletHandler.java:1592)
	at org.eclipse.jetty.ee10.servlet.ServletHandler$MappedServlet.handle(ServletHandler.java:1554)
	at org.eclipse.jetty.ee10.servlet.ServletChannel.dispatch(ServletChannel.java:807)
	at org.eclipse.jetty.ee10.servlet.ServletChannel.handle(ServletChannel.java:442)
	at org.eclipse.jetty.ee10.servlet.ServletHandler.handle(ServletHandler.java:469)
	at org.eclipse.jetty.security.SecurityHandler.handle(SecurityHandler.java:575)
	at org.eclipse.jetty.ee10.servlet.SessionHandler.handle(SessionHandler.java:719)
	at org.eclipse.jetty.server.handler.ContextHandler.handle(ContextHandler.java:1220)
	at org.eclipse.jetty.server.Server.handle(Server.java:195)
	at org.eclipse.jetty.server.internal.HttpChannelState$HandlerInvoker.run(HttpChannelState.java:680)
	at org.eclipse.jetty.server.internal.HttpConnection.onFillable(HttpConnection.java:411)
	at org.eclipse.jetty.server.internal.HttpConnection$FillableCallback.succeeded(HttpConnection.java:1809)
	at org.eclipse.jetty.io.FillInterest.fillable(FillInterest.java:105)
	at org.eclipse.jetty.io.SelectableChannelEndPoint$1.run(SelectableChannelEndPoint.java:54)
	at org.eclipse.jetty.util.thread.strategy.AdaptiveExecutionStrategy.runTask(AdaptiveExecutionStrategy.java:492)
	at org.eclipse.jetty.util.thread.strategy.AdaptiveExecutionStrategy.epcRunTask(AdaptiveExecutionStrategy.java:428)
	at org.eclipse.jetty.util.thread.strategy.AdaptiveExecutionStrategy.consumeTask(AdaptiveExecutionStrategy.java:401)
	at org.eclipse.jetty.util.thread.strategy.AdaptiveExecutionStrategy.tryProduce(AdaptiveExecutionStrategy.java:255)
	at org.eclipse.jetty.util.thread.strategy.AdaptiveExecutionStrategy.run(AdaptiveExecutionStrategy.java:204)
	at org.eclipse.jetty.util.thread.ReservedThreadExecutor$ReservedThread.run(ReservedThreadExecutor.java:312)
	at org.eclipse.jetty.util.thread.QueuedThreadPool.runJob(QueuedThreadPool.java:1009)
	at org.eclipse.jetty.util.thread.QueuedThreadPool$Runner.doRunJob(QueuedThreadPool.java:1239)
	at org.eclipse.jetty.util.thread.QueuedThreadPool$Runner.run(QueuedThreadPool.java:1194)
	at java.base/java.lang.Thread.run(Thread.java:842)
16 Feb 12:00:39 INFO   [geoserver.wfs] - 
Request: getServiceInfo
16 Feb 12:00:39 INFO   [geoserver.wfs] - 
Request: getFeature
    service = WFS
    version = 1.0.0
    baseUrl = http://localhost:8080/geoserver/
    query[0]:
        typeName[0] = {http://www.geo-solutions.it}GEO_R_REG_AREA
    maxFeatures = 50
    outputFormat = application/x-gpkg
    resultType = results
16 Feb 12:00:40 WARN   [feature.simple] - Default Geometry AREA was added as a geometry
16 Feb 12:00:40 WARN   [geotools.jdbc] - Fetching fields from Database
16 Feb 12:00:47 INFO   [geoserver.wfs] - 
Request: getServiceInfo
16 Feb 12:00:47 INFO   [geoserver.wfs] - 
Request: getFeature
    service = WFS
    version = 1.0.0
    baseUrl = http://localhost:8080/geoserver/
    query[0]:
        typeName[0] = {http://www.geo-solutions.it}GEO_R_REG_AREA
    maxFeatures = 50
    outputFormat = application/x-gpkg
    resultType = results
16 Feb 12:00:48 WARN   [feature.simple] - Default Geometry AREA was added as a geometry
16 Feb 12:00:48 WARN   [geotools.jdbc] - Fetching fields from Database
16 Feb 12:01:02 INFO   [geoserver.wfs] - 
Request: getServiceInfo
16 Feb 12:01:02 INFO   [geoserver.wfs] - 
Request: getFeature
    service = WFS
    version = 1.0.0
    baseUrl = http://localhost:8080/geoserver/
    query[0]:
        typeName[0] = {http://www.geo-solutions.it}GEO_R_REG_AREA
    maxFeatures = 50
    outputFormat = application/x-gpkg
    resultType = results
16 Feb 12:01:02 WARN   [feature.simple] - Default Geometry AREA was added as a geometry
16 Feb 12:01:02 WARN   [geotools.jdbc] - Fetching fields from Database
16 Feb 12:01:10 INFO   [geoserver.wfs] - 
Request: getServiceInfo
16 Feb 12:01:10 INFO   [geoserver.wfs] - 
Request: getFeature
    service = WFS
    version = 1.0.0
    baseUrl = http://localhost:8080/geoserver/
    query[0]:
        typeName[0] = {http://www.geo-solutions.it}GEO_R_REG_AREA
    maxFeatures = 50
    outputFormat = application/json
    resultType = results
16 Feb 12:01:27 INFO   [geoserver.wfs] - 
Request: getServiceInfo
16 Feb 12:01:27 INFO   [geoserver.wfs] - 
Request: getFeature
    service = WFS
    version = 1.0.0
    baseUrl = http://localhost:8080/geoserver/
    query[0]:
        typeName[0] = {http://www.geo-solutions.it}GEO_R_REG_AREA
    maxFeatures = 50
    outputFormat = application/x-gpkg
    resultType = results
16 Feb 12:01:27 WARN   [feature.simple] - Default Geometry AREA was added as a geometry
16 Feb 12:01:27 WARN   [geotools.jdbc] - Fetching fields from Database
16 Feb 12:02:12 INFO   [geoserver.wfs] - 
Request: getServiceInfo
16 Feb 12:02:12 INFO   [geoserver.wfs] - 
Request: getFeature
    service = WFS
    version = 1.0.0
    baseUrl = http://localhost:8080/geoserver/
    query[0]:
        typeName[0] = {http://www.geo-solutions.it}GEO_R_REG_AREA
    maxFeatures = 50
    outputFormat = application/x-gpkg
    resultType = results
16 Feb 12:02:12 WARN   [feature.simple] - Default Geometry AREA was added as a geometry
16 Feb 12:02:12 WARN   [geotools.jdbc] - Fetching fields from Database
16 Feb 12:02:23 INFO   [geoserver.wfs] - 
Request: getServiceInfo
16 Feb 12:02:23 INFO   [geoserver.wfs] - 
Request: getFeature
    service = WFS
    version = 1.0.0
    baseUrl = http://localhost:8080/geoserver/
    query[0]:
        typeName[0] = {http://www.geo-solutions.it}GEO_R_REG_AREA
    maxFeatures = 600
    outputFormat = application/x-gpkg
    resultType = results
16 Feb 12:02:24 WARN   [feature.simple] - Default Geometry AREA was added as a geometry
16 Feb 12:02:24 WARN   [geotools.jdbc] - Fetching fields from Database
16 Feb 12:05:20 INFO   [geoserver.wfs] - 
Request: getServiceInfo
16 Feb 12:05:20 INFO   [geoserver.wfs] - 
Request: getFeature
    service = WFS
    version = 1.0.0
    baseUrl = http://localhost:8080/geoserver/
    query[0]:
        typeName[0] = {http://www.geo-solutions.it}GEO_R_REG_AREA
    maxFeatures = 600
    outputFormat = application/x-gpkg
    resultType = results
16 Feb 12:05:21 WARN   [feature.simple] - Default Geometry AREA was added as a geometry
16 Feb 12:05:21 WARN   [geotools.jdbc] - Fetching fields from Database
16 Feb 12:18:52 WARN   [servlet.PageNotFound] - No mapping for GET /geoserver/imdate/wms
